<?xml version="1.0" encoding="UTF-8"?>
<testsuite xmlns:xsi="http://www.w3.org/2001/XMLSchema-instance" xsi:noNamespaceSchemaLocation="https://maven.apache.org/surefire/maven-surefire-plugin/xsd/surefire-test-report.xsd" version="3.0.2" name="com.sts.ChatApplicationTests" time="2.31" tests="1" errors="0" skipped="0" failures="0">
  <properties>
[...]
</properties>
  <testcase name="contextLoads" classname="com.sts.ChatApplicationTests" time="0.565">
    <system-out><![CDATA[14:51:47.310 [main] INFO org.springframework.test.context.support.AnnotationConfigContextLoaderUtils -- Could not detect default configuration classes for test class [com.sts.ChatApplicationTests]: ChatApplicationTests does not declare any static, non-private, non-final, nested classes annotated with @Configuration.
14:51:47.403 [main] INFO org.springframework.boot.test.context.SpringBootTestContextBootstrapper -- Found @SpringBootConfiguration com.sts.ChatApplication for test class com.sts.ChatApplicationTests
14:51:47.529 [main] INFO org.springframework.boot.devtools.restart.RestartApplicationListener -- Restart disabled due to context in which it is running

  .   ____          _            __ _ _
 /\\ / ___'_ __ _ _(_)_ __  __ _ \ \ \ \
( ( )\___ | '_ | '_| | '_ \/ _` | \ \ \ \
 \\/  ___)| |_)| | | | | || (_| |  ) ) ) )
  '  |____| .__|_| |_|_| |_\__, | / / / /
 =========|_|==============|___/=/_/_/_/

 :: Spring Boot ::                (v3.4.0)

2025-01-29T14:51:47.801+05:30  INFO 70201 --- [chat] [           main] com.sts.ChatApplicationTests             : Starting ChatApplicationTests using Java 22.0.1 with PID 70201 (started by arman_gupta in /Users/arman_gupta/Documents/workspace-spring-tool-suite-4-4.26.0.RELEASE/chat)
2025-01-29T14:51:47.802+05:30  INFO 70201 --- [chat] [           main] com.sts.ChatApplicationTests             : No active profile set, falling back to 1 default profile: "default"
WebSocket endpoint /ws-chat registered.
2025-01-29T14:51:48.587+05:30 DEBUG 70201 --- [chat] [           main] o.s.w.s.s.s.WebSocketHandlerMapping      : Patterns [/ws-chat] in 'stompWebSocketHandlerMapping'
Message broker configured with /topic and /app.
2025-01-29T14:51:48.633+05:30 DEBUG 70201 --- [chat] [           main] .WebSocketAnnotationMethodMessageHandler : 
	c.s.c.ChatController:
	{[MESSAGE],[/{roomID}/sendMessage]}: sendMessage(String,ChatMessage)
2025-01-29T14:51:48.638+05:30 DEBUG 70201 --- [chat] [           main] .WebSocketAnnotationMethodMessageHandler : 
	o.s.b.a.w.s.e.BasicErrorController:
	
2025-01-29T14:51:48.724+05:30  INFO 70201 --- [chat] [           main] o.s.b.a.w.s.WelcomePageHandlerMapping    : Adding welcome page: class path resource [static/index.html]
2025-01-29T14:51:48.812+05:30  WARN 70201 --- [chat] [           main] ion$DefaultTemplateResolverConfiguration : Cannot find template location: classpath:/templates/ (please add some templates, check your Thymeleaf configuration, or set spring.thymeleaf.check-template-location=false)
2025-01-29T14:51:48.882+05:30  INFO 70201 --- [chat] [           main] o.s.m.s.b.SimpleBrokerMessageHandler     : Starting...
2025-01-29T14:51:48.884+05:30  INFO 70201 --- [chat] [           main] o.s.m.s.b.SimpleBrokerMessageHandler     : BrokerAvailabilityEvent[available=true, SimpleBrokerMessageHandler [org.springframework.messaging.simp.broker.DefaultSubscriptionRegistry@7a687d8d]]
2025-01-29T14:51:48.884+05:30  INFO 70201 --- [chat] [           main] o.s.m.s.b.SimpleBrokerMessageHandler     : Started.
2025-01-29T14:51:48.892+05:30  INFO 70201 --- [chat] [           main] com.sts.ChatApplicationTests             : Started ChatApplicationTests in 1.371 seconds (process running for 2.131)
]]></system-out>
    <system-err><![CDATA[Mockito is currently self-attaching to enable the inline-mock-maker. This will no longer work in future releases of the JDK. Please add Mockito as an agent to your build what is described in Mockito's documentation: https://javadoc.io/doc/org.mockito/mockito-core/latest/org/mockito/Mockito.html#0.3
WARNING: A Java agent has been loaded dynamically (/Users/arman_gupta/.m2/repository/net/bytebuddy/byte-buddy-agent/1.15.10/byte-buddy-agent-1.15.10.jar)
WARNING: If a serviceability tool is in use, please run with -XX:+EnableDynamicAgentLoading to hide this warning
WARNING: If a serviceability tool is not in use, please run with -Djdk.instrument.traceUsage for more information
WARNING: Dynamic loading of agents will be disallowed by default in a future release
]]></system-err>
  </testcase>
</testsuite>